# JRE version: Java(TM) SE Runtime Environment (8.0_111-b14) (build 1.8.0_111-b14)
# Java VM: Java HotSpot(TM) 64-Bit Server VM (25.111-b14 mixed mode windows-amd64 compressed oops)
Heap:
 PSYoungGen      total 428032K, used 191386K [0x00000000d5d80000, 0x00000000f0180000, 0x0000000100000000)
  eden space 425984K, 44% used [0x00000000d5d80000,0x00000000e18568f0,0x00000000efd80000)
  from space 2048K, 3% used [0x00000000eff80000,0x00000000eff90000,0x00000000f0180000)
  to   space 2048K, 0% used [0x00000000efd80000,0x00000000efd80000,0x00000000eff80000)
 ParOldGen       total 87552K, used 1204K [0x0000000081800000, 0x0000000086d80000, 0x00000000d5d80000)
  object space 87552K, 1% used [0x0000000081800000,0x000000008192d0a0,0x0000000086d80000)
 Metaspace       used 5964K, capacity 6170K, committed 6272K, reserved 1058816K
  class space    used 711K, capacity 798K, committed 896K, reserved 1048576K
GC Heap History (10 events):
Event: 0.511 GC heap before
{Heap before GC invocations=6 (full 0):
 PSYoungGen      total 71680K, used 67587K [0x00000000d5d80000, 0x00000000de380000, 0x0000000100000000)
  eden space 66560K, 99% used [0x00000000d5d80000,0x00000000d9e78ee8,0x00000000d9e80000)
  from space 5120K, 20% used [0x00000000d9e80000,0x00000000d9f88000,0x00000000da380000)
  to   space 2048K, 0% used [0x00000000de180000,0x00000000de180000,0x00000000de380000)
 ParOldGen       total 87552K, used 24K [0x0000000081800000, 0x0000000086d80000, 0x00000000d5d80000)
  object space 87552K, 0% used [0x0000000081800000,0x0000000081806000,0x0000000086d80000)
 Metaspace       used 5840K, capacity 6072K, committed 6144K, reserved 1056768K
  class space    used 699K, capacity 764K, committed 768K, reserved 1048576K
Event: 0.512 GC heap after
Heap after GC invocations=6 (full 0):
 PSYoungGen      total 135168K, used 1184K [0x00000000d5d80000, 0x00000000de380000, 0x0000000100000000)
  eden space 133120K, 0% used [0x00000000d5d80000,0x00000000d5d80000,0x00000000ddf80000)
  from space 2048K, 57% used [0x00000000de180000,0x00000000de2a8020,0x00000000de380000)
  to   space 2048K, 0% used [0x00000000ddf80000,0x00000000ddf80000,0x00000000de180000)
 ParOldGen       total 87552K, used 24K [0x0000000081800000, 0x0000000086d80000, 0x00000000d5d80000)
  object space 87552K, 0% used [0x0000000081800000,0x0000000081806000,0x0000000086d80000)
 Metaspace       used 5840K, capacity 6072K, committed 6144K, reserved 1056768K
  class space    used 699K, capacity 764K, committed 768K, reserved 1048576K
}
Event: 0.643 GC heap before
{Heap before GC invocations=7 (full 0):
 PSYoungGen      total 135168K, used 134304K [0x00000000d5d80000, 0x00000000de380000, 0x0000000100000000)
  eden space 133120K, 100% used [0x00000000d5d80000,0x00000000ddf80000,0x00000000ddf80000)
  from space 2048K, 57% used [0x00000000de180000,0x00000000de2a8020,0x00000000de380000)
  to   space 2048K, 0% used [0x00000000ddf80000,0x00000000ddf80000,0x00000000de180000)
 ParOldGen       total 87552K, used 24K [0x0000000081800000, 0x0000000086d80000, 0x00000000d5d80000)
  object space 87552K, 0% used [0x0000000081800000,0x0000000081806000,0x0000000086d80000)
 Metaspace       used 5841K, capacity 6072K, committed 6144K, reserved 1056768K
  class space    used 699K, capacity 764K, committed 768K, reserved 1048576K
Event: 0.646 GC heap after
Heap after GC invocations=7 (full 0):
 PSYoungGen      total 135168K, used 160K [0x00000000d5d80000, 0x00000000e6580000, 0x0000000100000000)
  eden space 133120K, 0% used [0x00000000d5d80000,0x00000000d5d80000,0x00000000ddf80000)
  from space 2048K, 7% used [0x00000000ddf80000,0x00000000ddfa8000,0x00000000de180000)
  to   space 2048K, 0% used [0x00000000e6380000,0x00000000e6380000,0x00000000e6580000)
 ParOldGen       total 87552K, used 1044K [0x0000000081800000, 0x0000000086d80000, 0x00000000d5d80000)
  object space 87552K, 1% used [0x0000000081800000,0x00000000819050a0,0x0000000086d80000)
 Metaspace       used 5841K, capacity 6072K, committed 6144K, reserved 1056768K
  class space    used 699K, capacity 764K, committed 768K, reserved 1048576K
}
Event: 0.682 GC heap before
{Heap before GC invocations=8 (full 0):
 PSYoungGen      total 135168K, used 133280K [0x00000000d5d80000, 0x00000000e6580000, 0x0000000100000000)
  eden space 133120K, 100% used [0x00000000d5d80000,0x00000000ddf80000,0x00000000ddf80000)
  from space 2048K, 7% used [0x00000000ddf80000,0x00000000ddfa8000,0x00000000de180000)
  to   space 2048K, 0% used [0x00000000e6380000,0x00000000e6380000,0x00000000e6580000)
 ParOldGen       total 87552K, used 1044K [0x0000000081800000, 0x0000000086d80000, 0x00000000d5d80000)
  object space 87552K, 1% used [0x0000000081800000,0x00000000819050a0,0x0000000086d80000)
 Metaspace       used 5841K, capacity 6072K, committed 6144K, reserved 1056768K
  class space    used 699K, capacity 764K, committed 768K, reserved 1048576K
Event: 0.682 GC heap after
Heap after GC invocations=8 (full 0):
 PSYoungGen      total 268288K, used 192K [0x00000000d5d80000, 0x00000000e6580000, 0x0000000100000000)
  eden space 266240K, 0% used [0x00000000d5d80000,0x00000000d5d80000,0x00000000e6180000)
  from space 2048K, 9% used [0x00000000e6380000,0x00000000e63b0000,0x00000000e6580000)
  to   space 2048K, 0% used [0x00000000e6180000,0x00000000e6180000,0x00000000e6380000)
 ParOldGen       total 87552K, used 1052K [0x0000000081800000, 0x0000000086d80000, 0x00000000d5d80000)
  object space 87552K, 1% used [0x0000000081800000,0x00000000819070a0,0x0000000086d80000)
 Metaspace       used 5841K, capacity 6072K, committed 6144K, reserved 1056768K
  class space    used 699K, capacity 764K, committed 768K, reserved 1048576K
}
Event: 0.864 GC heap before
{Heap before GC invocations=9 (full 0):
 PSYoungGen      total 268288K, used 266432K [0x00000000d5d80000, 0x00000000e6580000, 0x0000000100000000)
  eden space 266240K, 100% used [0x00000000d5d80000,0x00000000e6180000,0x00000000e6180000)
  from space 2048K, 9% used [0x00000000e6380000,0x00000000e63b0000,0x00000000e6580000)
  to   space 2048K, 0% used [0x00000000e6180000,0x00000000e6180000,0x00000000e6380000)
 ParOldGen       total 87552K, used 1052K [0x0000000081800000, 0x0000000086d80000, 0x00000000d5d80000)
  object space 87552K, 1% used [0x0000000081800000,0x00000000819070a0,0x0000000086d80000)
 Metaspace       used 5841K, capacity 6072K, committed 6144K, reserved 1056768K
  class space    used 699K, capacity 764K, committed 768K, reserved 1048576K
Event: 0.865 GC heap after
Heap after GC invocations=9 (full 0):
 PSYoungGen      total 268288K, used 64K [0x00000000d5d80000, 0x00000000f0180000, 0x0000000100000000)
  eden space 266240K, 0% used [0x00000000d5d80000,0x00000000d5d80000,0x00000000e6180000)
  from space 2048K, 3% used [0x00000000e6180000,0x00000000e6190000,0x00000000e6380000)
  to   space 2048K, 0% used [0x00000000eff80000,0x00000000eff80000,0x00000000f0180000)
 ParOldGen       total 87552K, used 1188K [0x0000000081800000, 0x0000000086d80000, 0x00000000d5d80000)
  object space 87552K, 1% used [0x0000000081800000,0x00000000819290a0,0x0000000086d80000)
 Metaspace       used 5841K, capacity 6072K, committed 6144K, reserved 1056768K
  class space    used 699K, capacity 764K, committed 768K, reserved 1048576K
}
Event: 0.928 GC heap before
{Heap before GC invocations=10 (full 0):
 PSYoungGen      total 268288K, used 266304K [0x00000000d5d80000, 0x00000000f0180000, 0x0000000100000000)
  eden space 266240K, 100% used [0x00000000d5d80000,0x00000000e6180000,0x00000000e6180000)
  from space 2048K, 3% used [0x00000000e6180000,0x00000000e6190000,0x00000000e6380000)
  to   space 2048K, 0% used [0x00000000eff80000,0x00000000eff80000,0x00000000f0180000)
 ParOldGen       total 87552K, used 1188K [0x0000000081800000, 0x0000000086d80000, 0x00000000d5d80000)
  object space 87552K, 1% used [0x0000000081800000,0x00000000819290a0,0x0000000086d80000)
 Metaspace       used 5841K, capacity 6072K, committed 6144K, reserved 1056768K
  class space    used 699K, capacity 764K, committed 768K, reserved 1048576K
Event: 0.929 GC heap after
Heap after GC invocations=10 (full 0):
 PSYoungGen      total 428032K, used 64K [0x00000000d5d80000, 0x00000000f0180000, 0x0000000100000000)
  eden space 425984K, 0% used [0x00000000d5d80000,0x00000000d5d80000,0x00000000efd80000)
  from space 2048K, 3% used [0x00000000eff80000,0x00000000eff90000,0x00000000f0180000)
  to   space 2048K, 0% used [0x00000000efd80000,0x00000000efd80000,0x00000000eff80000)
 ParOldGen       total 87552K, used 1204K [0x0000000081800000, 0x0000000086d80000, 0x00000000d5d80000)
  object space 87552K, 1% used [0x0000000081800000,0x000000008192d0a0,0x0000000086d80000)
 Metaspace       used 5841K, capacity 6072K, committed 6144K, reserved 1056768K
  class space    used 699K, capacity 764K, committed 768K, reserved 1048576K
}

